<?xml version="1.0" encoding="UTF-8"?>
<testng-results ignored="0" total="1" passed="1" failed="0" skipped="0">
  <reporter-output>
  </reporter-output>
  <suite started-at="2026-02-28T07:09:03 IST" name="Default suite" finished-at="2026-02-28T07:09:14 IST" duration-ms="11535">
    <groups>
    </groups>
    <test started-at="2026-02-28T07:09:03 IST" name="Default test" finished-at="2026-02-28T07:09:14 IST" duration-ms="11535">
      <class name="Learning_testNG.FetchDataFromExcel">
        <test-method signature="fetchdatafromexcel()[pri:0, instance:Learning_testNG.FetchDataFromExcel@6ed3ccb2]" started-at="2026-02-28T07:09:03 IST" name="fetchdatafromexcel" finished-at="2026-02-28T07:09:14 IST" duration-ms="11494" status="PASS">
          <reporter-output>
          </reporter-output>
        </test-method> <!-- fetchdatafromexcel -->
      </class> <!-- Learning_testNG.FetchDataFromExcel -->
    </test> <!-- Default test -->
  </suite> <!-- Default suite -->
</testng-results>
