<?xml version="1.0" encoding="UTF-8"?>
<!-- Generated by org.testng.reporters.JUnitReportReporter -->
<testsuite hostname="LAPTOP-RLEUF40E" failures="0" tests="4" name="Learning_testNG.Parallel_Execution" time="106.027" errors="0" timestamp="2026-02-28T06:58:35 IST" skipped="0">
  <testcase classname="Learning_testNG.Parallel_Execution" name="logintest" time="24.062"/>
  <testcase classname="Learning_testNG.Parallel_Execution" name="logintest" time="28.969"/>
  <testcase classname="Learning_testNG.Parallel_Execution" name="logintest" time="24.075"/>
  <testcase classname="Learning_testNG.Parallel_Execution" name="logintest" time="28.921"/>
</testsuite> <!-- Learning_testNG.Parallel_Execution -->
