<?xml version="1.0" encoding="UTF-8"?>
<!-- Generated by org.testng.reporters.JUnitReportReporter -->
<testsuite hostname="LAPTOP-RLEUF40E" failures="0" tests="2" name="Learning_testNG.InvocationCount" time="20.470" errors="0" timestamp="2025-12-16T15:17:56 IST" skipped="0">
  <testcase classname="Learning_testNG.InvocationCount" name="loginTest" time="9.856"/>
  <testcase classname="Learning_testNG.InvocationCount" name="loginTest" time="10.614"/>
</testsuite> <!-- Learning_testNG.InvocationCount -->
