<?xml version="1.0" encoding="UTF-8"?>
<!-- Generated by org.testng.reporters.JUnitReportReporter -->
<testsuite hostname="Lenovo" failures="0" tests="1" name="testScripts.Learning_Hard_Assert" time="68.374" errors="0" timestamp="2024-09-27T15:39:02 IST" skipped="0">
  <testcase classname="testScripts.Learning_Hard_Assert" name="loginTest" time="68.374">
    <system-out>
      <![CDATA[Welcome Page Displayed Successfully
Login Page Displayed Successfully
User Logged In Successfully]]>
    </system-out>
  </testcase> <!-- loginTest -->
  <system-out>
    <![CDATA[Welcome Page Displayed Successfully
Login Page Displayed Successfully
User Logged In Successfully]]>
  </system-out>
</testsuite> <!-- testScripts.Learning_Hard_Assert -->
