<?xml version="1.0" encoding="UTF-8"?>
<!-- Generated by org.testng.reporters.JUnitReportReporter -->
<testsuite hostname="Lenovo" failures="0" tests="1" name="Learning_testNG.Learning_First_TestNG" time="0.126" errors="0" timestamp="2024-09-18T15:08:47 IST" skipped="0">
  <testcase classname="Learning_testNG.Learning_First_TestNG" name="loginTest" time="0.126">
    <system-out>
      <![CDATA[User Login SuccessFully]]>
    </system-out>
  </testcase> <!-- loginTest -->
  <system-out>
    <![CDATA[User Login SuccessFully]]>
  </system-out>
</testsuite> <!-- Learning_testNG.Learning_First_TestNG -->
