<?xml version="1.0" encoding="UTF-8"?>
<!-- Generated by org.testng.reporters.JUnitReportReporter -->
<testsuite hostname="LAPTOP-RLEUF40E" failures="0" tests="1" name="testRunner.Runner" time="0.072" errors="1" timestamp="2026-02-26T00:38:36 IST" skipped="0">
  <testcase classname="testRunner.Runner" name="runScenario" time="0.072">
    <error message="Cannot invoke &quot;org.openqa.selenium.WebDriver.get(String)&quot; because &quot;this.driver&quot; is null" type="java.lang.NullPointerException">
      <![CDATA[java.lang.NullPointerException: Cannot invoke "org.openqa.selenium.WebDriver.get(String)" because "this.driver" is null
at StepDefinitions.loginSteps.userShouldNavigateToTheApplication(loginSteps.java:25)
at ✽.User Should Navigate To The Application(file:///C:/Users/B%20Harish/eclipse-workspace/LearningSelenium/src/test/java/Features/DemoWeblogin.feature:5)
]]>
    </error>
  </testcase> <!-- runScenario -->
</testsuite> <!-- testRunner.Runner -->
