<?xml version="1.0" encoding="UTF-8"?>
<!-- Generated by org.testng.reporters.JUnitReportReporter -->
<testsuite hostname="LAPTOP-RLEUF40E" failures="0" tests="29" name="Learning_testNG.Fetching_Multiple_Data_From_Flipkart_Byusing_Excel" time="227.714" errors="0" timestamp="2025-12-10T16:11:20 IST" skipped="0">
  <testcase classname="Learning_testNG.Fetching_Multiple_Data_From_Flipkart_Byusing_Excel" name="FlipkartSearch" time="5.205"/>
  <testcase classname="Learning_testNG.Fetching_Multiple_Data_From_Flipkart_Byusing_Excel" name="FlipkartSearch" time="12.398"/>
  <testcase classname="Learning_testNG.Fetching_Multiple_Data_From_Flipkart_Byusing_Excel" name="FlipkartSearch" time="6.045"/>
  <testcase classname="Learning_testNG.Fetching_Multiple_Data_From_Flipkart_Byusing_Excel" name="FlipkartSearch" time="9.264"/>
  <testcase classname="Learning_testNG.Fetching_Multiple_Data_From_Flipkart_Byusing_Excel" name="FlipkartSearch" time="5.624"/>
  <testcase classname="Learning_testNG.Fetching_Multiple_Data_From_Flipkart_Byusing_Excel" name="FlipkartSearch" time="6.038"/>
  <testcase classname="Learning_testNG.Fetching_Multiple_Data_From_Flipkart_Byusing_Excel" name="FlipkartSearch" time="7.010"/>
  <testcase classname="Learning_testNG.Fetching_Multiple_Data_From_Flipkart_Byusing_Excel" name="FlipkartSearch" time="6.221"/>
  <testcase classname="Learning_testNG.Fetching_Multiple_Data_From_Flipkart_Byusing_Excel" name="FlipkartSearch" time="5.414"/>
  <testcase classname="Learning_testNG.Fetching_Multiple_Data_From_Flipkart_Byusing_Excel" name="FlipkartSearch" time="5.301"/>
  <testcase classname="Learning_testNG.Fetching_Multiple_Data_From_Flipkart_Byusing_Excel" name="FlipkartSearch" time="5.062"/>
  <testcase classname="Learning_testNG.Fetching_Multiple_Data_From_Flipkart_Byusing_Excel" name="FlipkartSearch" time="16.548"/>
  <testcase classname="Learning_testNG.Fetching_Multiple_Data_From_Flipkart_Byusing_Excel" name="FlipkartSearch" time="19.165"/>
  <testcase classname="Learning_testNG.Fetching_Multiple_Data_From_Flipkart_Byusing_Excel" name="FlipkartSearch" time="19.607"/>
  <testcase classname="Learning_testNG.Fetching_Multiple_Data_From_Flipkart_Byusing_Excel" name="FlipkartSearch" time="10.179"/>
  <testcase classname="Learning_testNG.Fetching_Multiple_Data_From_Flipkart_Byusing_Excel" name="FlipkartSearch" time="6.567"/>
  <testcase classname="Learning_testNG.Fetching_Multiple_Data_From_Flipkart_Byusing_Excel" name="FlipkartSearch" time="5.356"/>
  <testcase classname="Learning_testNG.Fetching_Multiple_Data_From_Flipkart_Byusing_Excel" name="FlipkartSearch" time="4.845"/>
  <testcase classname="Learning_testNG.Fetching_Multiple_Data_From_Flipkart_Byusing_Excel" name="FlipkartSearch" time="6.058"/>
  <testcase classname="Learning_testNG.Fetching_Multiple_Data_From_Flipkart_Byusing_Excel" name="FlipkartSearch" time="5.000"/>
  <testcase classname="Learning_testNG.Fetching_Multiple_Data_From_Flipkart_Byusing_Excel" name="FlipkartSearch" time="6.491"/>
  <testcase classname="Learning_testNG.Fetching_Multiple_Data_From_Flipkart_Byusing_Excel" name="FlipkartSearch" time="5.941"/>
  <testcase classname="Learning_testNG.Fetching_Multiple_Data_From_Flipkart_Byusing_Excel" name="FlipkartSearch" time="5.047"/>
  <testcase classname="Learning_testNG.Fetching_Multiple_Data_From_Flipkart_Byusing_Excel" name="FlipkartSearch" time="5.542"/>
  <testcase classname="Learning_testNG.Fetching_Multiple_Data_From_Flipkart_Byusing_Excel" name="FlipkartSearch" time="7.357"/>
  <testcase classname="Learning_testNG.Fetching_Multiple_Data_From_Flipkart_Byusing_Excel" name="FlipkartSearch" time="5.379"/>
  <testcase classname="Learning_testNG.Fetching_Multiple_Data_From_Flipkart_Byusing_Excel" name="FlipkartSearch" time="9.929"/>
  <testcase classname="Learning_testNG.Fetching_Multiple_Data_From_Flipkart_Byusing_Excel" name="FlipkartSearch" time="8.999"/>
  <testcase classname="Learning_testNG.Fetching_Multiple_Data_From_Flipkart_Byusing_Excel" name="FlipkartSearch" time="6.122"/>
</testsuite> <!-- Learning_testNG.Fetching_Multiple_Data_From_Flipkart_Byusing_Excel -->
