<?xml version="1.0" encoding="UTF-8"?>
<!-- Generated by org.testng.reporters.JUnitReportReporter -->
<testsuite hostname="LAPTOP-RLEUF40E" failures="0" tests="4" name="Learning_testNG.Parallel_Execution" time="40.755" errors="0" timestamp="2025-12-16T15:20:49 IST" skipped="0">
  <testcase classname="Learning_testNG.Parallel_Execution" name="logintest" time="9.156"/>
  <testcase classname="Learning_testNG.Parallel_Execution" name="logintest" time="12.932"/>
  <testcase classname="Learning_testNG.Parallel_Execution" name="logintest" time="9.419"/>
  <testcase classname="Learning_testNG.Parallel_Execution" name="logintest" time="9.248"/>
</testsuite> <!-- Learning_testNG.Parallel_Execution -->
