<?xml version="1.0" encoding="UTF-8"?>
<!-- Generated by org.testng.reporters.JUnitReportReporter -->
<testsuite hostname="Lenovo" failures="0" tests="3" name="Learning_testNG.Fetching_Multiple_Data_From_Excel" time="121.159" errors="0" timestamp="2024-10-09T15:37:15 IST" skipped="0">
  <testcase classname="Learning_testNG.Fetching_Multiple_Data_From_Excel" name="loginTest" time="37.131"/>
  <testcase classname="Learning_testNG.Fetching_Multiple_Data_From_Excel" name="loginTest" time="27.647"/>
  <testcase classname="Learning_testNG.Fetching_Multiple_Data_From_Excel" name="loginTest" time="56.381"/>
</testsuite> <!-- Learning_testNG.Fetching_Multiple_Data_From_Excel -->
