<?xml version="1.0" encoding="UTF-8"?>
<!-- Generated by org.testng.reporters.JUnitReportReporter -->
<testsuite hostname="Lenovo" failures="0" tests="3" name="Learning_testNG.Learning_Data_Provider" time="160.240" errors="0" timestamp="2024-09-28T18:55:04 IST" skipped="0">
  <testcase classname="Learning_testNG.Learning_Data_Provider" name="loginTest" time="25.064"/>
  <testcase classname="Learning_testNG.Learning_Data_Provider" name="loginTest" time="47.431"/>
  <testcase classname="Learning_testNG.Learning_Data_Provider" name="loginTest" time="87.745"/>
</testsuite> <!-- Learning_testNG.Learning_Data_Provider -->
