<?xml version="1.0" encoding="UTF-8"?>
<!-- Generated by org.testng.reporters.JUnitReportReporter -->
<testsuite hostname="LAPTOP-RLEUF40E" failures="0" tests="2" name="Learning_testNG.Depends_On_Method_Attribute" time="0.012" errors="0" timestamp="2025-12-12T11:43:36 IST" skipped="0">
  <testcase classname="Learning_testNG.Depends_On_Method_Attribute" name="registerTest" time="0.010">
    <system-out>
      <![CDATA[User Registered Successfully]]>
    </system-out>
  </testcase> <!-- registerTest -->
  <testcase classname="Learning_testNG.Depends_On_Method_Attribute" name="loginTest" time="0.002">
    <system-out>
      <![CDATA[User login successfully]]>
    </system-out>
  </testcase> <!-- loginTest -->
  <system-out>
    <![CDATA[User Registered Successfully
User login successfully]]>
  </system-out>
</testsuite> <!-- Learning_testNG.Depends_On_Method_Attribute -->
