<?xml version="1.0" encoding="UTF-8"?>
<!-- Generated by org.testng.reporters.JUnitReportReporter -->
<testsuite hostname="LAPTOP-RLEUF40E" failures="0" tests="3" name="Learning_testNG.Enable_Attribute" time="0.012" errors="0" timestamp="2026-02-28T06:44:52 IST" skipped="1">
  <testcase classname="Learning_testNG.Enable_Attribute" name="loginTest" time="0.009">
    <system-out>
      <![CDATA[User login successfully]]>
    </system-out>
  </testcase> <!-- loginTest -->
  <testcase classname="Learning_testNG.Enable_Attribute" name="cardTest" time="0.003">
    <system-out>
      <![CDATA[added card is Successfully]]>
    </system-out>
  </testcase> <!-- cardTest -->
  <testcase classname="Learning_testNG.Enable_Attribute" name="registerTest">
    <skipped/>
  </testcase> <!-- registerTest -->
  <system-out>
    <![CDATA[User login successfully
added card is Successfully]]>
  </system-out>
</testsuite> <!-- Learning_testNG.Enable_Attribute -->
