<?xml version="1.0" encoding="UTF-8"?>
<!-- Generated by org.testng.reporters.JUnitReportReporter -->
<testsuite hostname="LAPTOP-RLEUF40E" failures="0" tests="1" name="Learning_testNG.configuration_Annotation" time="0.009" errors="0" timestamp="2025-12-08T14:58:15 IST" skipped="0">
  <testcase classname="Learning_testNG.configuration_Annotation" name="AddToCartTest" time="0.009">
    <system-out>
      <![CDATA[Executing Add To Cart Test Case...]]>
    </system-out>
  </testcase> <!-- AddToCartTest -->
  <system-out>
    <![CDATA[Executing Before Suite...
Executing Before Test...
Executing Before Class...
Executing Before Method...
Executing Add To Cart Test Case...
Executing After Method...
Executing After Class...
Executing After Test...
Executing After Suite...]]>
  </system-out>
</testsuite> <!-- Learning_testNG.configuration_Annotation -->
