<?xml version="1.0" encoding="UTF-8"?>
<!-- Generated by org.testng.reporters.JUnitReportReporter -->
<testsuite hostname="LAPTOP-RLEUF40E" failures="0" tests="1" name="tesRunner.RunnerShopper" time="5.841" errors="1" timestamp="2025-02-26T21:46:46 IST" skipped="0">
  <testcase classname="tesRunner.RunnerShopper" name="runScenario" time="5.841">
    <error message="Cannot invoke &quot;org.openqa.selenium.WebDriver.findElement(org.openqa.selenium.By)&quot; because &quot;this.driver&quot; is null" type="java.lang.NullPointerException">
      <![CDATA[java.lang.NullPointerException: Cannot invoke "org.openqa.selenium.WebDriver.findElement(org.openqa.selenium.By)" because "this.driver" is null
at Steps.Shopperlogin.userEnterTheUsernameAndPassword(Shopperlogin.java:35)
at âœ½.user enter the username and password(file:///C:/Users/B%20Harish/eclipse-workspace/LearningSelenium/src/test/java/Features/shopperlogin.feature:7)
]]>
    </error>
  </testcase> <!-- runScenario -->
</testsuite> <!-- tesRunner.RunnerShopper -->
