<?xml version="1.0" encoding="UTF-8"?>
<!-- Generated by org.testng.reporters.JUnitReportReporter -->
<testsuite hostname="LAPTOP-RLEUF40E" failures="0" tests="6" name="Learning_testNG.MultipleDataFetching" time="34.902" errors="0" timestamp="2025-12-17T11:02:20 IST" skipped="0">
  <testcase classname="Learning_testNG.MultipleDataFetching" name="RunMUltipleAcccounts" time="5.915"/>
  <testcase classname="Learning_testNG.MultipleDataFetching" name="RunMUltipleAcccounts" time="5.728"/>
  <testcase classname="Learning_testNG.MultipleDataFetching" name="RunMUltipleAcccounts" time="5.710"/>
  <testcase classname="Learning_testNG.MultipleDataFetching" name="RunMUltipleAcccounts" time="5.974"/>
  <testcase classname="Learning_testNG.MultipleDataFetching" name="RunMUltipleAcccounts" time="5.918"/>
  <testcase classname="Learning_testNG.MultipleDataFetching" name="RunMUltipleAcccounts" time="5.657"/>
</testsuite> <!-- Learning_testNG.MultipleDataFetching -->
