<?xml version="1.0" encoding="UTF-8"?>
<!-- Generated by org.testng.reporters.JUnitReportReporter -->
<testsuite hostname="Lenovo" failures="0" tests="3" name="Learning_testNG.Enable_Attribute" time="0.181" errors="0" timestamp="2024-09-18T15:40:41 IST" skipped="1">
  <testcase classname="Learning_testNG.Enable_Attribute" name="loginTest" time="0.155">
    <system-out>
      <![CDATA[User login successfully]]>
    </system-out>
  </testcase> <!-- loginTest -->
  <testcase classname="Learning_testNG.Enable_Attribute" name="cardTest" time="0.026">
    <system-out>
      <![CDATA[added card is Successfully]]>
    </system-out>
  </testcase> <!-- cardTest -->
  <testcase classname="Learning_testNG.Enable_Attribute" name="registerTest">
    <skipped/>
  </testcase> <!-- registerTest -->
  <system-out>
    <![CDATA[User login successfully
added card is Successfully]]>
  </system-out>
</testsuite> <!-- Learning_testNG.Enable_Attribute -->
