<?xml version="1.0" encoding="UTF-8"?>
<!-- Generated by org.testng.reporters.JUnitReportReporter -->
<testsuite hostname="Lenovo" failures="0" tests="2" name="Learning_testNG.New_Technic" time="0.081" errors="0" timestamp="2024-09-20T14:54:16 IST" skipped="0">
  <testcase classname="Learning_testNG.New_Technic" name="RemoveFromCart" time="0.020">
    <system-out>
      <![CDATA[Executing Remove From Cart...]]>
    </system-out>
  </testcase> <!-- RemoveFromCart -->
  <testcase classname="Learning_testNG.New_Technic" name="AddToCartTest" time="0.061">
    <system-out>
      <![CDATA[Executing Add To Cart Test Case...]]>
    </system-out>
  </testcase> <!-- AddToCartTest -->
  <system-out>
    <![CDATA[Executing Before Suite...
Executing Before Test...
Executing Before Class...
Executing Before Method...
Executing Add To Cart Test Case...
Executing After Method...
Executing Before Method...
Executing Remove From Cart...
Executing After Method...
Executing After Class...
Executing After Test...
Executing After Suite...]]>
  </system-out>
</testsuite> <!-- Learning_testNG.New_Technic -->
