<?xml version="1.0" encoding="UTF-8"?>
<!-- Generated by org.testng.reporters.JUnitReportReporter -->
<testsuite hostname="LAPTOP-RLEUF40E" failures="0" tests="3" name="Learning_testNG.Priority_Attribute" time="0.012" errors="0" timestamp="2025-12-17T16:50:04 IST" skipped="0">
  <testcase classname="Learning_testNG.Priority_Attribute" name="registerTest" time="0.009">
    <system-out>
      <![CDATA[User Registered Successfully]]>
    </system-out>
  </testcase> <!-- registerTest -->
  <testcase classname="Learning_testNG.Priority_Attribute" name="loginTest" time="0.002">
    <system-out>
      <![CDATA[User login successfully]]>
    </system-out>
  </testcase> <!-- loginTest -->
  <testcase classname="Learning_testNG.Priority_Attribute" name="cardTest" time="0.001">
    <system-out>
      <![CDATA[added card is Successfully]]>
    </system-out>
  </testcase> <!-- cardTest -->
  <system-out>
    <![CDATA[User Registered Successfully
User login successfully
added card is Successfully]]>
  </system-out>
</testsuite> <!-- Learning_testNG.Priority_Attribute -->
